{"/Users/lucas/Documents/Gabriela/Arbyte/jest-intro/funcoes.js": {"path":"/Users/lucas/Documents/Gabriela/Arbyte/jest-intro/funcoes.js","statementMap":{"0":{"start":{"line":2,"column":18},"end":{"line":2,"column":27}},"1":{"start":{"line":3,"column":4},"end":{"line":3,"column":18}},"2":{"start":{"line":7,"column":21},"end":{"line":7,"column":26}},"3":{"start":{"line":8,"column":4},"end":{"line":8,"column":22}},"4":{"start":{"line":12,"column":15},"end":{"line":12,"column":20}},"5":{"start":{"line":13,"column":21},"end":{"line":13,"column":29}},"6":{"start":{"line":14,"column":4},"end":{"line":14,"column":22}},"7":{"start":{"line":18,"column":20},"end":{"line":18,"column":26}},"8":{"start":{"line":19,"column":4},"end":{"line":19,"column":21}},"9":{"start":{"line":23,"column":16},"end":{"line":23,"column":39}},"10":{"start":{"line":24,"column":4},"end":{"line":24,"column":17}},"11":{"start":{"line":28,"column":20},"end":{"line":28,"column":33}},"12":{"start":{"line":29,"column":4},"end":{"line":29,"column":21}},"13":{"start":{"line":33,"column":0},"end":{"line":33,"column":59}}},"fnMap":{"0":{"name":"dois","decl":{"start":{"line":1,"column":9},"end":{"line":1,"column":13}},"loc":{"start":{"line":1,"column":23},"end":{"line":4,"column":1}},"line":1},"1":{"name":"tres","decl":{"start":{"line":6,"column":9},"end":{"line":6,"column":13}},"loc":{"start":{"line":6,"column":20},"end":{"line":9,"column":1}},"line":6},"2":{"name":"quatro","decl":{"start":{"line":11,"column":9},"end":{"line":11,"column":15}},"loc":{"start":{"line":11,"column":25},"end":{"line":15,"column":1}},"line":11},"3":{"name":"cinco","decl":{"start":{"line":17,"column":9},"end":{"line":17,"column":14}},"loc":{"start":{"line":17,"column":21},"end":{"line":20,"column":1}},"line":17},"4":{"name":"seis","decl":{"start":{"line":22,"column":9},"end":{"line":22,"column":13}},"loc":{"start":{"line":22,"column":29},"end":{"line":25,"column":1}},"line":22},"5":{"name":"sete","decl":{"start":{"line":27,"column":9},"end":{"line":27,"column":13}},"loc":{"start":{"line":27,"column":17},"end":{"line":30,"column":1}},"line":27}},"branchMap":{},"s":{"0":1,"1":1,"2":1,"3":1,"4":1,"5":1,"6":1,"7":1,"8":1,"9":1,"10":1,"11":1,"12":1,"13":1},"f":{"0":1,"1":1,"2":1,"3":1,"4":1,"5":1},"b":{},"_coverageSchema":"1a1c01bbd47fc00a2c39e90264f33305004495a9","hash":"b6003a8b48afca54476dde10f6df7192d681c797"}
}
